;  LST file generated by mikroListExporter - v.2.0 
; Date/Time: 12-01-2026 16:18:34
;----------------------------------------------

;Address Opcode 	ASM
0x0000	0xF000EF97  	GOTO        302
0x0004	0x0000      	NOP
0x0006	0x0000      	NOP
0x0008	0xF000EF00  	GOTO        0
0x000C	0x0000      	NOP
0x000E	0x0000      	NOP
0x0010	0x0000      	NOP
0x0012	0x0000      	NOP
0x0014	0x0000      	NOP
0x0016	0x0000      	NOP
0x0018	0xD7F3      	BRA         0
_Delay_22us:
;__Lib_Delays.c,15 :: 		void Delay_22us() {
;__Lib_Delays.c,16 :: 		Delay_us(22);
0x001C	0x0E0E      	MOVLW       14
0x001E	0x6E0D      	MOVWF       R13, 0
L_Delay_22us1:
0x0020	0x2E0D      	DECFSZ      R13, 1, 0
0x0022	0xD7FE      	BRA         L_Delay_22us1
0x0024	0x0000      	NOP
;__Lib_Delays.c,17 :: 		}
L_end_Delay_22us:
0x0026	0x0012      	RETURN      0
; end of _Delay_22us
_UART1_Write:
;__Lib_UART_c67.c,58 :: 		
;__Lib_UART_c67.c,59 :: 		
L_UART1_Write3:
0x0028	0xB2AC      	BTFSC       TXSTA, 1 
0x002A	0xD002      	BRA         L_UART1_Write4
;__Lib_UART_c67.c,60 :: 		
0x002C	0x0000      	NOP
0x002E	0xD7FC      	BRA         L_UART1_Write3
L_UART1_Write4:
;__Lib_UART_c67.c,61 :: 		
0x0030	0xFFADC038  	MOVFF       FARG_UART1_Write_data_, TXREG
;__Lib_UART_c67.c,62 :: 		
L_end_UART1_Write:
0x0034	0x0012      	RETURN      0
; end of _UART1_Write
_ADC_Read:
;__Lib_ADC_A_D.c,51 :: 		
;__Lib_ADC_A_D.c,54 :: 		
0x0036	0x6AC2      	CLRF        ADCON0 
;__Lib_ADC_A_D.c,55 :: 		
0x0038	0x1C15      	COMF        _vref_mask, 0 
0x003A	0x6E00      	MOVWF       R0 
0x003C	0x5000      	MOVF        R0, 0 
0x003E	0x16C1      	ANDWF       ADCON1, 1 
;__Lib_ADC_A_D.c,56 :: 		
0x0040	0x0E07      	MOVLW       7
0x0042	0x12C0      	IORWF       ADCON2, 1 
;__Lib_ADC_A_D.c,57 :: 		
0x0044	0x8EC0      	BSF         ADCON2, 7 
;__Lib_ADC_A_D.c,58 :: 		
0x0046	0xF000C034  	MOVFF       FARG_ADC_Read_channel, R0
0x004A	0x3600      	RLCF        R0, 1 
0x004C	0x9000      	BCF         R0, 0 
0x004E	0x3600      	RLCF        R0, 1 
0x0050	0x9000      	BCF         R0, 0 
0x0052	0x5000      	MOVF        R0, 0 
0x0054	0x12C2      	IORWF       ADCON0, 1 
;__Lib_ADC_A_D.c,59 :: 		
0x0056	0x80C2      	BSF         ADCON0, 0 
;__Lib_ADC_A_D.c,60 :: 		
0x0058	0xDFE1      	RCALL       _Delay_22us
;__Lib_ADC_A_D.c,61 :: 		
0x005A	0x82C2      	BSF         ADCON0, 1 
;__Lib_ADC_A_D.c,62 :: 		
L_ADC_Read2:
0x005C	0xA2C2      	BTFSS       ADCON0, 1 
0x005E	0xD001      	BRA         L_ADC_Read3
;__Lib_ADC_A_D.c,63 :: 		
0x0060	0xD7FD      	BRA         L_ADC_Read2
L_ADC_Read3:
;__Lib_ADC_A_D.c,64 :: 		
0x0062	0xF001CFC4  	MOVFF       ADRESH, R1
0x0066	0x6A00      	CLRF        R0 
;__Lib_ADC_A_D.c,65 :: 		
0x0068	0x50C3      	MOVF        ADRESL, 0 
0x006A	0x1200      	IORWF       R0, 1 
0x006C	0x0E00      	MOVLW       0
0x006E	0x1201      	IORWF       R1, 1 
;__Lib_ADC_A_D.c,66 :: 		
0x0070	0x90C2      	BCF         ADCON0, 0 
;__Lib_ADC_A_D.c,68 :: 		
;__Lib_ADC_A_D.c,69 :: 		
L_end_ADC_Read:
0x0072	0x0012      	RETURN      0
; end of _ADC_Read
_UART1_Write_Text:
;__Lib_UART_c67.c,66 :: 		
;__Lib_UART_c67.c,67 :: 		
0x0074	0x6A37      	CLRF        UART1_Write_Text_counter_L0 
;__Lib_UART_c67.c,69 :: 		
0x0076	0xFFE9C034  	MOVFF       FARG_UART1_Write_Text_uart_text, FSR0L
0x007A	0xFFEAC035  	MOVFF       FARG_UART1_Write_Text_uart_text+1, FSR0H
0x007E	0xF036CFEE  	MOVFF       POSTINC0, UART1_Write_Text_data__L0
;__Lib_UART_c67.c,70 :: 		
L_UART1_Write_Text5:
0x0082	0x5036      	MOVF        UART1_Write_Text_data__L0, 0 
0x0084	0x0A00      	XORLW       0
0x0086	0xE00D      	BZ          L_UART1_Write_Text6
;__Lib_UART_c67.c,71 :: 		
0x0088	0xF038C036  	MOVFF       UART1_Write_Text_data__L0, FARG_UART1_Write_data_
0x008C	0xDFCD      	RCALL       _UART1_Write
;__Lib_UART_c67.c,72 :: 		
0x008E	0x2A37      	INCF        UART1_Write_Text_counter_L0, 1 
;__Lib_UART_c67.c,73 :: 		
0x0090	0x5037      	MOVF        UART1_Write_Text_counter_L0, 0 
0x0092	0x2434      	ADDWF       FARG_UART1_Write_Text_uart_text, 0 
0x0094	0x6EE9      	MOVWF       FSR0L 
0x0096	0x0E00      	MOVLW       0
0x0098	0x2035      	ADDWFC      FARG_UART1_Write_Text_uart_text+1, 0 
0x009A	0x6EEA      	MOVWF       FSR0L+1 
0x009C	0xF036CFEE  	MOVFF       POSTINC0, UART1_Write_Text_data__L0
;__Lib_UART_c67.c,74 :: 		
0x00A0	0xD7F0      	BRA         L_UART1_Write_Text5
L_UART1_Write_Text6:
;__Lib_UART_c67.c,75 :: 		
L_end_UART1_Write_Text:
0x00A2	0x0012      	RETURN      0
; end of _UART1_Write_Text
___CC2DW:
;__Lib_System.c,21 :: 		
;__Lib_System.c,23 :: 		
_CC2DL_Loop1:
;__Lib_System.c,24 :: 		
0x00A4	0x0009      	TBLRD*+
;__Lib_System.c,25 :: 		
0x00A6	0xFFE6CFF5  	MOVFF       TABLAT, POSTINC1
;__Lib_System.c,26 :: 		
0x00AA	0x0600      	DECF        R0, 1, 0
;__Lib_System.c,27 :: 		
0x00AC	0xE1FB      	BNZ         _CC2DL_Loop1
;__Lib_System.c,28 :: 		
0x00AE	0x0601      	DECF        R1, 1, 0
;__Lib_System.c,29 :: 		
0x00B0	0xE1F9      	BNZ         _CC2DL_Loop1
;__Lib_System.c,31 :: 		
L_end___CC2DW:
0x00B2	0x0012      	RETURN      0
; end of ___CC2DW
_UART1_Init:
;__Lib_UART_c67.c,15 :: 		
;__Lib_UART_c67.c,18 :: 		
0x00B4	0x0E28      	MOVLW       _UART1_Write
0x00B6	0x6E26      	MOVWF       _UART_Wr_Ptr 
0x00B8	0x0E00      	MOVLW       hi_addr(_UART1_Write)
0x00BA	0x6E27      	MOVWF       _UART_Wr_Ptr+1 
0x00BC	0x0E38      	MOVLW       FARG_UART1_Write_data_
0x00BE	0x6E28      	MOVWF       _UART_Wr_Ptr+2 
0x00C0	0x0E00      	MOVLW       hi_addr(FARG_UART1_Write_data_)
0x00C2	0x6E29      	MOVWF       _UART_Wr_Ptr+3 
;__Lib_UART_c67.c,19 :: 		
0x00C4	0x0EFF      	MOVLW       _UART1_Read
0x00C6	0x6E1E      	MOVWF       _UART_Rd_Ptr 
0x00C8	0x0EFF      	MOVLW       hi_addr(_UART1_Read)
0x00CA	0x6E1F      	MOVWF       _UART_Rd_Ptr+1 
0x00CC	0x0E00      	MOVLW       0
0x00CE	0x6E20      	MOVWF       _UART_Rd_Ptr+2 
0x00D0	0x0E00      	MOVLW       0
0x00D2	0x6E21      	MOVWF       _UART_Rd_Ptr+3 
;__Lib_UART_c67.c,20 :: 		
0x00D4	0x0EFF      	MOVLW       _UART1_Data_Ready
0x00D6	0x6E22      	MOVWF       _UART_Rdy_Ptr 
0x00D8	0x0EFF      	MOVLW       hi_addr(_UART1_Data_Ready)
0x00DA	0x6E23      	MOVWF       _UART_Rdy_Ptr+1 
0x00DC	0x0E00      	MOVLW       0
0x00DE	0x6E24      	MOVWF       _UART_Rdy_Ptr+2 
0x00E0	0x0E00      	MOVLW       0
0x00E2	0x6E25      	MOVWF       _UART_Rdy_Ptr+3 
;__Lib_UART_c67.c,21 :: 		
0x00E4	0x0EFF      	MOVLW       _UART1_Tx_Idle
0x00E6	0x6E2E      	MOVWF       _UART_Tx_Idle_Ptr 
0x00E8	0x0EFF      	MOVLW       hi_addr(_UART1_Tx_Idle)
0x00EA	0x6E2F      	MOVWF       _UART_Tx_Idle_Ptr+1 
0x00EC	0x0E00      	MOVLW       0
0x00EE	0x6E30      	MOVWF       _UART_Tx_Idle_Ptr+2 
0x00F0	0x0E00      	MOVLW       0
0x00F2	0x6E31      	MOVWF       _UART_Tx_Idle_Ptr+3 
;__Lib_UART_c67.c,23 :: 		
0x00F4	0x8AAC      	BSF         TXSTA, 5 
;__Lib_UART_c67.c,24 :: 		
0x00F6	0x0E90      	MOVLW       144
0x00F8	0x6EAB      	MOVWF       RCSTA 
;__Lib_UART_c67.c,25 :: 		
0x00FA	0x8E94      	BSF         TRISC7_bit, BitPos(TRISC7_bit+0) 
;__Lib_UART_c67.c,26 :: 		
0x00FC	0x9C94      	BCF         TRISC6_bit, BitPos(TRISC6_bit+0) 
;__Lib_UART_c67.c,28 :: 		
L_UART1_Init0:
0x00FE	0xAA9E      	BTFSS       PIR1, 5 
0x0100	0xD003      	BRA         L_UART1_Init1
;__Lib_UART_c67.c,29 :: 		
0x0102	0xF000CFAE  	MOVFF       RCREG, R0
0x0106	0xD7FB      	BRA         L_UART1_Init0
L_UART1_Init1:
;__Lib_UART_c67.c,30 :: 		
L_end_UART1_Init:
0x0108	0x0012      	RETURN      0
; end of _UART1_Init
_ADC_Init:
;__Lib_ADC_A_D.c,13 :: 		
;__Lib_ADC_A_D.c,14 :: 		
0x010A	0x0EFF      	MOVLW       _ADC_Get_Sample
0x010C	0x6E2A      	MOVWF       _ADC_Get_Sample_Ptr 
0x010E	0x0EFF      	MOVLW       hi_addr(_ADC_Get_Sample)
0x0110	0x6E2B      	MOVWF       _ADC_Get_Sample_Ptr+1 
0x0112	0x0EFF      	MOVLW       FARG_ADC_Get_Sample_channel
0x0114	0x6E2C      	MOVWF       _ADC_Get_Sample_Ptr+2 
0x0116	0x0EFF      	MOVLW       hi_addr(FARG_ADC_Get_Sample_channel)
0x0118	0x6E2D      	MOVWF       _ADC_Get_Sample_Ptr+3 
;__Lib_ADC_A_D.c,16 :: 		
0x011A	0x6AC2      	CLRF        ADCON0 
;__Lib_ADC_A_D.c,17 :: 		
0x011C	0x1C15      	COMF        _vref_mask, 0 
0x011E	0x6E00      	MOVWF       R0 
0x0120	0x5000      	MOVF        R0, 0 
0x0122	0x16C1      	ANDWF       ADCON1, 1 
;__Lib_ADC_A_D.c,18 :: 		
0x0124	0x0E07      	MOVLW       7
0x0126	0x12C0      	IORWF       ADCON2, 1 
;__Lib_ADC_A_D.c,19 :: 		
0x0128	0x8EC0      	BSF         ADCON2, 7 
;__Lib_ADC_A_D.c,20 :: 		
0x012A	0x80C2      	BSF         ADCON0, 0 
;__Lib_ADC_A_D.c,21 :: 		
L_end_ADC_Init:
0x012C	0x0012      	RETURN      0
; end of _ADC_Init
_main:
0x012E	0xF001EC1E  	CALL        572, 0
;micro_1.c,10 :: 		void main() {
;micro_1.c,12 :: 		ADCON1 = 0x0E;     // RA0 as analog, others digital
0x0132	0x0E0E      	MOVLW       14
0x0134	0x6EC1      	MOVWF       ADCON1 
;micro_1.c,13 :: 		TRISA = 0x01;     // RA0 input
0x0136	0x0E01      	MOVLW       1
0x0138	0x6E92      	MOVWF       TRISA 
;micro_1.c,14 :: 		TRISC = 0x80;     // RC7 input, RC6 output
0x013A	0x0E80      	MOVLW       128
0x013C	0x6E94      	MOVWF       TRISC 
;micro_1.c,16 :: 		UART1_Init(9600);
0x013E	0x86B8      	BSF         BAUDCON, 3, 0
0x0140	0x6AB0      	CLRF        SPBRGH 
0x0142	0x0ECF      	MOVLW       207
0x0144	0x6EAF      	MOVWF       SPBRG 
0x0146	0x84AC      	BSF         TXSTA, 2, 0
0x0148	0xDFB5      	RCALL       _UART1_Init
;micro_1.c,17 :: 		Delay_ms(100);
0x014A	0x0E02      	MOVLW       2
0x014C	0x6E0B      	MOVWF       R11, 0
0x014E	0x0E04      	MOVLW       4
0x0150	0x6E0C      	MOVWF       R12, 0
0x0152	0x0EBA      	MOVLW       186
0x0154	0x6E0D      	MOVWF       R13, 0
L_main0:
0x0156	0x2E0D      	DECFSZ      R13, 1, 0
0x0158	0xD7FE      	BRA         L_main0
0x015A	0x2E0C      	DECFSZ      R12, 1, 0
0x015C	0xD7FC      	BRA         L_main0
0x015E	0x2E0B      	DECFSZ      R11, 1, 0
0x0160	0xD7FA      	BRA         L_main0
0x0162	0x0000      	NOP
;micro_1.c,19 :: 		ADC_Init();
0x0164	0xDFD2      	RCALL       _ADC_Init
;micro_1.c,20 :: 		Delay_ms(100);
0x0166	0x0E02      	MOVLW       2
0x0168	0x6E0B      	MOVWF       R11, 0
0x016A	0x0E04      	MOVLW       4
0x016C	0x6E0C      	MOVWF       R12, 0
0x016E	0x0EBA      	MOVLW       186
0x0170	0x6E0D      	MOVWF       R13, 0
L_main1:
0x0172	0x2E0D      	DECFSZ      R13, 1, 0
0x0174	0xD7FE      	BRA         L_main1
0x0176	0x2E0C      	DECFSZ      R12, 1, 0
0x0178	0xD7FC      	BRA         L_main1
0x017A	0x2E0B      	DECFSZ      R11, 1, 0
0x017C	0xD7FA      	BRA         L_main1
0x017E	0x0000      	NOP
;micro_1.c,23 :: 		center = ADC_Read(0);
0x0180	0x6A34      	CLRF        FARG_ADC_Read_channel 
0x0182	0xDF59      	RCALL       _ADC_Read
0x0184	0xF016C000  	MOVFF       R0, _center
0x0188	0xF017C001  	MOVFF       R1, _center+1
;micro_1.c,24 :: 		Delay_ms(200);
0x018C	0x0E03      	MOVLW       3
0x018E	0x6E0B      	MOVWF       R11, 0
0x0190	0x0E08      	MOVLW       8
0x0192	0x6E0C      	MOVWF       R12, 0
0x0194	0x0E77      	MOVLW       119
0x0196	0x6E0D      	MOVWF       R13, 0
L_main2:
0x0198	0x2E0D      	DECFSZ      R13, 1, 0
0x019A	0xD7FE      	BRA         L_main2
0x019C	0x2E0C      	DECFSZ      R12, 1, 0
0x019E	0xD7FC      	BRA         L_main2
0x01A0	0x2E0B      	DECFSZ      R11, 1, 0
0x01A2	0xD7FA      	BRA         L_main2
;micro_1.c,26 :: 		while(1) {
L_main3:
;micro_1.c,28 :: 		adcValue = ADC_Read(0);   // Read POT (Head movement)
0x01A4	0x6A34      	CLRF        FARG_ADC_Read_channel 
0x01A6	0xDF47      	RCALL       _ADC_Read
0x01A8	0xF032C000  	MOVFF       R0, _adcValue
0x01AC	0xF033C001  	MOVFF       R1, _adcValue+1
;micro_1.c,30 :: 		if(adcValue > center + threshold) {
0x01B0	0x5018      	MOVF        _threshold, 0 
0x01B2	0x2416      	ADDWF       _center, 0 
0x01B4	0x6E03      	MOVWF       R3 
0x01B6	0x5019      	MOVF        _threshold+1, 0 
0x01B8	0x2017      	ADDWFC      _center+1, 0 
0x01BA	0x6E04      	MOVWF       R4 
0x01BC	0x5001      	MOVF        R1, 0 
0x01BE	0x5C04      	SUBWF       R4, 0 
0x01C0	0xE102      	BNZ         L__main11
0x01C2	0x5000      	MOVF        R0, 0 
0x01C4	0x5C03      	SUBWF       R3, 0 
L__main11:
0x01C6	0xE214      	BC          L_main5
;micro_1.c,31 :: 		UART1_Write_Text("D");   // Scroll Down
0x01C8	0x0E1C      	MOVLW       ?lstr1_micro_1
0x01CA	0x6E34      	MOVWF       FARG_UART1_Write_Text_uart_text 
0x01CC	0x0E00      	MOVLW       hi_addr(?lstr1_micro_1)
0x01CE	0x6E35      	MOVWF       FARG_UART1_Write_Text_uart_text+1 
0x01D0	0xDF51      	RCALL       _UART1_Write_Text
;micro_1.c,32 :: 		Delay_ms(300);
0x01D2	0x0E04      	MOVLW       4
0x01D4	0x6E0B      	MOVWF       R11, 0
0x01D6	0x0E0C      	MOVLW       12
0x01D8	0x6E0C      	MOVWF       R12, 0
0x01DA	0x0E33      	MOVLW       51
0x01DC	0x6E0D      	MOVWF       R13, 0
L_main6:
0x01DE	0x2E0D      	DECFSZ      R13, 1, 0
0x01E0	0xD7FE      	BRA         L_main6
0x01E2	0x2E0C      	DECFSZ      R12, 1, 0
0x01E4	0xD7FC      	BRA         L_main6
0x01E6	0x2E0B      	DECFSZ      R11, 1, 0
0x01E8	0xD7FA      	BRA         L_main6
0x01EA	0x0000      	NOP
0x01EC	0x0000      	NOP
;micro_1.c,33 :: 		}
0x01EE	0xD01F      	BRA         L_main7
L_main5:
;micro_1.c,35 :: 		else if(adcValue < center - threshold) {
0x01F0	0x5018      	MOVF        _threshold, 0 
0x01F2	0x5C16      	SUBWF       _center, 0 
0x01F4	0x6E01      	MOVWF       R1 
0x01F6	0x5019      	MOVF        _threshold+1, 0 
0x01F8	0x5817      	SUBWFB      _center+1, 0 
0x01FA	0x6E02      	MOVWF       R2 
0x01FC	0x5002      	MOVF        R2, 0 
0x01FE	0x5C33      	SUBWF       _adcValue+1, 0 
0x0200	0xE102      	BNZ         L__main12
0x0202	0x5001      	MOVF        R1, 0 
0x0204	0x5C32      	SUBWF       _adcValue, 0 
L__main12:
0x0206	0xE213      	BC          L_main8
;micro_1.c,36 :: 		UART1_Write_Text("U");   // Scroll Up
0x0208	0x0E1A      	MOVLW       ?lstr2_micro_1
0x020A	0x6E34      	MOVWF       FARG_UART1_Write_Text_uart_text 
0x020C	0x0E00      	MOVLW       hi_addr(?lstr2_micro_1)
0x020E	0x6E35      	MOVWF       FARG_UART1_Write_Text_uart_text+1 
0x0210	0xDF31      	RCALL       _UART1_Write_Text
;micro_1.c,37 :: 		Delay_ms(300);
0x0212	0x0E04      	MOVLW       4
0x0214	0x6E0B      	MOVWF       R11, 0
0x0216	0x0E0C      	MOVLW       12
0x0218	0x6E0C      	MOVWF       R12, 0
0x021A	0x0E33      	MOVLW       51
0x021C	0x6E0D      	MOVWF       R13, 0
L_main9:
0x021E	0x2E0D      	DECFSZ      R13, 1, 0
0x0220	0xD7FE      	BRA         L_main9
0x0222	0x2E0C      	DECFSZ      R12, 1, 0
0x0224	0xD7FC      	BRA         L_main9
0x0226	0x2E0B      	DECFSZ      R11, 1, 0
0x0228	0xD7FA      	BRA         L_main9
0x022A	0x0000      	NOP
0x022C	0x0000      	NOP
;micro_1.c,38 :: 		}
L_main8:
L_main7:
;micro_1.c,39 :: 		}
0x022E	0xD7BA      	BRA         L_main3
;micro_1.c,40 :: 		}
L_end_main:
0x0230	0xD7FF      	BRA         $+0
; end of _main
0x023C	0xF015EE10  	LFSR        1, 21
0x0240	0x0E09      	MOVLW       9
0x0242	0x6E00      	MOVWF       R0 
0x0244	0x0E01      	MOVLW       1
0x0246	0x6E01      	MOVWF       R1 
0x0248	0x0E32      	MOVLW       50
0x024A	0x6EF6      	MOVWF       4086 
0x024C	0x0E02      	MOVLW       2
0x024E	0x6EF7      	MOVWF       TBLPTRH 
0x0250	0x0E00      	MOVLW       0
0x0252	0x6EF8      	MOVWF       TBLPTRU 
0x0254	0xF000EC52  	CALL        164, 0
0x0258	0x0012      	RETURN      0
;__Lib_ADC_A_D.c,0 :: ?ICS_vref_mask
0x0232	0x30 ;?ICS_vref_mask+0
; end of ?ICS_vref_mask
;micro_1.c,0 :: ?ICS_center
0x0233	0x0000 ;?ICS_center+0
; end of ?ICS_center
;micro_1.c,0 :: ?ICS_threshold
0x0235	0x0050 ;?ICS_threshold+0
; end of ?ICS_threshold
;micro_1.c,0 :: ?ICS?lstr2_micro_1
0x0237	0x0055 ;?ICS?lstr2_micro_1+0
; end of ?ICS?lstr2_micro_1
;micro_1.c,0 :: ?ICS?lstr1_micro_1
0x0239	0x0044 ;?ICS?lstr1_micro_1+0
; end of ?ICS?lstr1_micro_1
Symbol List:
//** Routines locations **
//ADDRESS    SIZE    PROCEDURE
//----------------------------------------------
0x001C      [12]    _Delay_22us
0x0028      [14]    _UART1_Write
0x0036      [62]    _ADC_Read
0x0074      [48]    _UART1_Write_Text
0x00A4      [16]    ___CC2DW
0x00B4      [86]    _UART1_Init
0x010A      [36]    _ADC_Init
0x012E     [260]    _main
//** Variables locations ** 
//ADDRESS    SIZE    VARIABLE
//----------------------------------------------
0x0000       [1]    R0
0x0000       [1]    UART1_Init_tmp_L0
0x0001       [1]    UART1_Read___tmp_UART1_Read_L0
0x0001       [1]    R1
0x0002       [1]    R2
0x0003       [1]    R3
0x0004       [1]    R4
0x0005       [1]    R5
0x0006       [1]    R6
0x0007       [1]    R7
0x0008       [1]    R8
0x0009       [1]    R9
0x000A       [1]    R10
0x000B       [1]    R11
0x000C       [1]    R12
0x000D       [1]    R13
0x000E       [1]    R14
0x000F       [1]    R15
0x0010       [1]    R16
0x0011       [1]    R17
0x0012       [1]    R18
0x0013       [1]    R19
0x0014       [1]    R20
0x0015       [1]    _vref_mask
0x0016       [2]    _center
0x0018       [2]    _threshold
0x001A       [2]    ?lstr2_micro_1
0x001C       [2]    ?lstr1_micro_1
0x001E       [4]    _UART_Rd_Ptr
0x0022       [4]    _UART_Rdy_Ptr
0x0026       [4]    _UART_Wr_Ptr
0x002A       [4]    _ADC_Get_Sample_Ptr
0x002E       [4]    _UART_Tx_Idle_Ptr
0x0032       [2]    _adcValue
0x0034       [1]    FARG_ADC_Read_channel
0x0034       [2]    FARG_UART1_Write_Text_uart_text
0x0036       [1]    UART1_Write_Text_data__L0
0x0037       [1]    UART1_Write_Text_counter_L0
0x0038       [1]    FARG_UART1_Write_data_
0x0F92       [1]    TRISA
0x0F94       [1]    TRISC
0x0F94       [0]    TRISC6_bit
0x0F94       [0]    TRISC7_bit
0x0F9E       [1]    PIR1
0x0FAB       [1]    RCSTA
0x0FAC       [1]    TXSTA
0x0FAD       [1]    TXREG
0x0FAE       [1]    RCREG
0x0FAF       [1]    SPBRG
0x0FB0       [1]    SPBRGH
0x0FB8       [1]    BAUDCON
0x0FC0       [1]    ADCON2
0x0FC1       [1]    ADCON1
0x0FC2       [1]    ADCON0
0x0FC3       [1]    ADRESL
0x0FC4       [1]    ADRESH
0x0FD8       [1]    STATUS
0x0FD9       [1]    FSR2L
0x0FDA       [1]    FSR2H
0x0FDE       [1]    POSTINC2
0x0FE0       [1]    BSR
0x0FE1       [1]    FSR1L
0x0FE2       [1]    FSR1H
0x0FE4       [1]    PREINC1
0x0FE6       [1]    POSTINC1
0x0FE7       [1]    INDF1
0x0FE8       [1]    WREG
0x0FE9       [1]    FSR0L
0x0FEA       [1]    FSR0H
0x0FEE       [1]    POSTINC0
0x0FF3       [1]    PRODL
0x0FF4       [1]    PRODH
0x0FF5       [1]    TABLAT
0x0FF6       [1]    TBLPTRL
0x0FF7       [1]    TBLPTRH
0x0FF8       [1]    TBLPTRU
//** Constants locations ** 
//ADDRESS    SIZE    CONSTANT
//----------------------------------------------
0x0232       [1]    ?ICS_vref_mask
0x0233       [2]    ?ICS_center
0x0235       [2]    ?ICS_threshold
0x0237       [2]    ?ICS?lstr2_micro_1
0x0239       [2]    ?ICS?lstr1_micro_1
